2023-04-18 19:34:47.204 | INFO     | __main__:<module>:155 - Epoch 1
-------------------------------
2023-04-18 19:34:47.506 | INFO     | __main__:train:127 - loss: 2.301678  [   64/60000]
2023-04-18 19:34:48.521 | INFO     | __main__:train:127 - loss: 0.271874  [ 6464/60000]
2023-04-18 19:34:49.692 | INFO     | __main__:train:127 - loss: 0.192031  [12864/60000]
2023-04-18 19:34:50.776 | INFO     | __main__:train:127 - loss: 0.221444  [19264/60000]
2023-04-18 19:34:51.788 | INFO     | __main__:train:127 - loss: 0.140856  [25664/60000]
2023-04-18 19:34:52.774 | INFO     | __main__:train:127 - loss: 0.344437  [32064/60000]
2023-04-18 19:34:53.906 | INFO     | __main__:train:127 - loss: 0.099505  [38464/60000]
2023-04-18 19:34:54.961 | INFO     | __main__:train:127 - loss: 0.253481  [44864/60000]
2023-04-18 19:34:55.979 | INFO     | __main__:train:127 - loss: 0.215315  [51264/60000]
2023-04-18 19:34:56.973 | INFO     | __main__:train:127 - loss: 0.135888  [57664/60000]
2023-04-18 19:34:58.566 | INFO     | __main__:test:144 - Test Error: 
 Accuracy: 95.8%, Avg loss: 0.134117 

2023-04-18 19:34:58.567 | INFO     | __main__:<module>:155 - Epoch 2
-------------------------------
2023-04-18 19:34:58.578 | INFO     | __main__:train:127 - loss: 0.079767  [   64/60000]
2023-04-18 19:34:59.644 | INFO     | __main__:train:127 - loss: 0.097776  [ 6464/60000]
2023-04-18 19:35:00.844 | INFO     | __main__:train:127 - loss: 0.099545  [12864/60000]
2023-04-18 19:35:01.828 | INFO     | __main__:train:127 - loss: 0.086339  [19264/60000]
2023-04-18 19:35:02.827 | INFO     | __main__:train:127 - loss: 0.053605  [25664/60000]
2023-04-18 19:35:03.821 | INFO     | __main__:train:127 - loss: 0.108304  [32064/60000]
2023-04-18 19:35:04.853 | INFO     | __main__:train:127 - loss: 0.039093  [38464/60000]
2023-04-18 19:35:05.916 | INFO     | __main__:train:127 - loss: 0.155807  [44864/60000]
2023-04-18 19:35:06.968 | INFO     | __main__:train:127 - loss: 0.138869  [51264/60000]
2023-04-18 19:35:07.940 | INFO     | __main__:train:127 - loss: 0.139094  [57664/60000]
2023-04-18 19:35:09.501 | INFO     | __main__:test:144 - Test Error: 
 Accuracy: 96.8%, Avg loss: 0.106412 

2023-04-18 19:35:09.502 | INFO     | __main__:<module>:155 - Epoch 3
-------------------------------
2023-04-18 19:35:09.513 | INFO     | __main__:train:127 - loss: 0.095838  [   64/60000]
2023-04-18 19:35:10.601 | INFO     | __main__:train:127 - loss: 0.035437  [ 6464/60000]
2023-04-18 19:35:11.589 | INFO     | __main__:train:127 - loss: 0.066112  [12864/60000]
2023-04-18 19:35:12.583 | INFO     | __main__:train:127 - loss: 0.105422  [19264/60000]
2023-04-18 19:35:13.679 | INFO     | __main__:train:127 - loss: 0.060956  [25664/60000]
2023-04-18 19:35:14.673 | INFO     | __main__:train:127 - loss: 0.112935  [32064/60000]
2023-04-18 19:35:15.653 | INFO     | __main__:train:127 - loss: 0.023441  [38464/60000]
2023-04-18 19:35:16.641 | INFO     | __main__:train:127 - loss: 0.068234  [44864/60000]
2023-04-18 19:35:17.613 | INFO     | __main__:train:127 - loss: 0.056498  [51264/60000]
2023-04-18 19:35:18.599 | INFO     | __main__:train:127 - loss: 0.080163  [57664/60000]
2023-04-18 19:35:20.112 | INFO     | __main__:test:144 - Test Error: 
 Accuracy: 96.5%, Avg loss: 0.127402 

2023-04-18 19:35:20.113 | INFO     | __main__:<module>:155 - Epoch 4
-------------------------------
2023-04-18 19:35:20.123 | INFO     | __main__:train:127 - loss: 0.062484  [   64/60000]
2023-04-18 19:35:21.069 | INFO     | __main__:train:127 - loss: 0.034717  [ 6464/60000]
2023-04-18 19:35:22.003 | INFO     | __main__:train:127 - loss: 0.048341  [12864/60000]
2023-04-18 19:35:22.934 | INFO     | __main__:train:127 - loss: 0.038217  [19264/60000]
2023-04-18 19:35:23.869 | INFO     | __main__:train:127 - loss: 0.085156  [25664/60000]
2023-04-18 19:35:24.798 | INFO     | __main__:train:127 - loss: 0.066222  [32064/60000]
2023-04-18 19:35:25.736 | INFO     | __main__:train:127 - loss: 0.011571  [38464/60000]
2023-04-18 19:35:26.669 | INFO     | __main__:train:127 - loss: 0.036028  [44864/60000]
2023-04-18 19:35:27.671 | INFO     | __main__:train:127 - loss: 0.094938  [51264/60000]
2023-04-18 19:35:28.683 | INFO     | __main__:train:127 - loss: 0.021735  [57664/60000]
2023-04-18 19:35:30.250 | INFO     | __main__:test:144 - Test Error: 
 Accuracy: 96.8%, Avg loss: 0.123835 

2023-04-18 19:35:30.251 | INFO     | __main__:<module>:155 - Epoch 5
-------------------------------
2023-04-18 19:35:30.263 | INFO     | __main__:train:127 - loss: 0.041480  [   64/60000]
2023-04-18 19:35:31.280 | INFO     | __main__:train:127 - loss: 0.013095  [ 6464/60000]
2023-04-18 19:35:32.251 | INFO     | __main__:train:127 - loss: 0.020082  [12864/60000]
2023-04-18 19:35:33.245 | INFO     | __main__:train:127 - loss: 0.081324  [19264/60000]
2023-04-18 19:35:34.215 | INFO     | __main__:train:127 - loss: 0.035274  [25664/60000]
2023-04-18 19:35:35.194 | INFO     | __main__:train:127 - loss: 0.054298  [32064/60000]
2023-04-18 19:35:36.171 | INFO     | __main__:train:127 - loss: 0.012204  [38464/60000]
2023-04-18 19:35:37.126 | INFO     | __main__:train:127 - loss: 0.032325  [44864/60000]
2023-04-18 19:35:38.185 | INFO     | __main__:train:127 - loss: 0.084005  [51264/60000]
2023-04-18 19:35:39.182 | INFO     | __main__:train:127 - loss: 0.027905  [57664/60000]
2023-04-18 19:35:40.763 | INFO     | __main__:test:144 - Test Error: 
 Accuracy: 97.2%, Avg loss: 0.118897 

